c:\users\k024g\onedrive\デスクトップ\授業関係二年次\ge3\directxgame\directxgame\x64\development\imgui_tables.obj
c:\users\k024g\onedrive\デスクトップ\授業関係二年次\ge3\directxgame\directxgame\x64\development\windowsapi.obj
c:\users\k024g\onedrive\デスクトップ\授業関係二年次\ge3\directxgame\directxgame\x64\development\imgui_widgets.obj
c:\users\k024g\onedrive\デスクトップ\授業関係二年次\ge3\directxgame\directxgame\x64\development\matrix4x4.obj
c:\users\k024g\onedrive\デスクトップ\授業関係二年次\ge3\directxgame\directxgame\x64\development\imgui_draw.obj
c:\users\k024g\onedrive\デスクトップ\授業関係二年次\ge3\directxgame\directxgame\x64\development\imgui_impl_win32.obj
c:\users\k024g\onedrive\デスクトップ\授業関係二年次\ge3\directxgame\directxgame\x64\development\imgui_demo.obj
c:\users\k024g\onedrive\デスクトップ\授業関係二年次\ge3\directxgame\directxgame\x64\development\keyinput.obj
c:\users\k024g\onedrive\デスクトップ\授業関係二年次\ge3\directxgame\directxgame\x64\development\imgui.obj
c:\users\k024g\onedrive\デスクトップ\授業関係二年次\ge3\directxgame\directxgame\x64\development\debugcamera.obj
c:\users\k024g\onedrive\デスクトップ\授業関係二年次\ge3\directxgame\directxgame\x64\development\imgui_impl_dx12.obj
c:\users\k024g\onedrive\デスクトップ\授業関係二年次\ge3\directxgame\directxgame\x64\development\vc143.pdb
c:\users\k024g\onedrive\デスクトップ\授業関係二年次\ge3\directxgame\directxgame\x64\development\main.obj
c:\users\k024g\onedrive\デスクトップ\授業関係二年次\ge3\directxgame\x64\development\directxgame.exe
c:\users\k024g\onedrive\デスクトップ\授業関係二年次\ge3\directxgame\x64\development\directxgame.pdb
c:\users\k024g\onedrive\デスクトップ\授業関係二年次\ge3\directxgame\directxgame\x64\development\directinput.obj
c:\users\k024g\onedrive\デスクトップ\授業関係二年次\ge3\directxgame\directxgame\x64\development\directxgame.tlog\cl.command.1.tlog
c:\users\k024g\onedrive\デスクトップ\授業関係二年次\ge3\directxgame\directxgame\x64\development\directxgame.tlog\cl.items.tlog
c:\users\k024g\onedrive\デスクトップ\授業関係二年次\ge3\directxgame\directxgame\x64\development\directxgame.tlog\cl.read.1.tlog
c:\users\k024g\onedrive\デスクトップ\授業関係二年次\ge3\directxgame\directxgame\x64\development\directxgame.tlog\cl.write.1.tlog
c:\users\k024g\onedrive\デスクトップ\授業関係二年次\ge3\directxgame\directxgame\x64\development\directxgame.tlog\link.command.1.tlog
c:\users\k024g\onedrive\デスクトップ\授業関係二年次\ge3\directxgame\directxgame\x64\development\directxgame.tlog\link.read.1.tlog
c:\users\k024g\onedrive\デスクトップ\授業関係二年次\ge3\directxgame\directxgame\x64\development\directxgame.tlog\link.secondary.1.tlog
c:\users\k024g\onedrive\デスクトップ\授業関係二年次\ge3\directxgame\directxgame\x64\development\directxgame.tlog\link.write.1.tlog
