c:\users\k024g\onedrive\デスクトップ\授業関係二年次\ge3\directxgame\directxgame\x64\debug\imgui_impl_dx12.obj
c:\users\k024g\onedrive\デスクトップ\授業関係二年次\ge3\directxgame\directxgame\x64\debug\sprite.obj
c:\users\k024g\onedrive\デスクトップ\授業関係二年次\ge3\directxgame\directxgame\x64\debug\imgui_tables.obj
c:\users\k024g\onedrive\デスクトップ\授業関係二年次\ge3\directxgame\directxgame\x64\debug\sound.obj
c:\users\k024g\onedrive\デスクトップ\授業関係二年次\ge3\directxgame\directxgame\x64\debug\resourceleakcheak.obj
c:\users\k024g\onedrive\デスクトップ\授業関係二年次\ge3\directxgame\directxgame\x64\debug\windowsapi.obj
c:\users\k024g\onedrive\デスクトップ\授業関係二年次\ge3\directxgame\directxgame\x64\debug\debugcamera.obj
c:\users\k024g\onedrive\デスクトップ\授業関係二年次\ge3\directxgame\directxgame\x64\debug\imgui_draw.obj
c:\users\k024g\onedrive\デスクトップ\授業関係二年次\ge3\directxgame\directxgame\x64\debug\matrix4x4.obj
c:\users\k024g\onedrive\デスクトップ\授業関係二年次\ge3\directxgame\directxgame\x64\debug\imgui_widgets.obj
c:\users\k024g\onedrive\デスクトップ\授業関係二年次\ge3\directxgame\directxgame\x64\debug\directxcom.obj
c:\users\k024g\onedrive\デスクトップ\授業関係二年次\ge3\directxgame\directxgame\x64\debug\imgui.obj
c:\users\k024g\onedrive\デスクトップ\授業関係二年次\ge3\directxgame\directxgame\x64\debug\imgui_impl_win32.obj
c:\users\k024g\onedrive\デスクトップ\授業関係二年次\ge3\directxgame\directxgame\x64\debug\imgui_demo.obj
c:\users\k024g\onedrive\デスクトップ\授業関係二年次\ge3\directxgame\directxgame\x64\debug\main.obj
c:\users\k024g\onedrive\デスクトップ\授業関係二年次\ge3\directxgame\directxgame\x64\debug\stringutil.obj
c:\users\k024g\onedrive\デスクトップ\授業関係二年次\ge3\directxgame\directxgame\x64\debug\keyinput.obj
c:\users\k024g\onedrive\デスクトップ\授業関係二年次\ge3\directxgame\directxgame\x64\debug\log.obj
c:\users\k024g\onedrive\デスクトップ\授業関係二年次\ge3\directxgame\directxgame\x64\debug\spritecom.obj
c:\users\k024g\onedrive\デスクトップ\授業関係二年次\ge3\directxgame\directxgame\x64\debug\vc143.pdb
c:\users\k024g\onedrive\デスクトップ\授業関係二年次\ge3\directxgame\directxgame\x64\debug\vc143.idb
c:\users\k024g\onedrive\デスクトップ\授業関係二年次\ge3\directxgame\x64\debug\directxgame.exe
c:\users\k024g\onedrive\デスクトップ\授業関係二年次\ge3\directxgame\x64\debug\directxgame.pdb
c:\users\k024g\onedrive\デスクトップ\授業関係二年次\ge3\directxgame\directxgame\x64\debug\directxgame.ilk
c:\users\k024g\onedrive\デスクトップ\授業関係二年次\ge3\directxgame\directxgame\x64\debug\directxgame.tlog\cl.command.1.tlog
c:\users\k024g\onedrive\デスクトップ\授業関係二年次\ge3\directxgame\directxgame\x64\debug\directxgame.tlog\cl.items.tlog
c:\users\k024g\onedrive\デスクトップ\授業関係二年次\ge3\directxgame\directxgame\x64\debug\directxgame.tlog\cl.read.1.tlog
c:\users\k024g\onedrive\デスクトップ\授業関係二年次\ge3\directxgame\directxgame\x64\debug\directxgame.tlog\cl.write.1.tlog
c:\users\k024g\onedrive\デスクトップ\授業関係二年次\ge3\directxgame\directxgame\x64\debug\directxgame.tlog\fxc.command.1.tlog
c:\users\k024g\onedrive\デスクトップ\授業関係二年次\ge3\directxgame\directxgame\x64\debug\directxgame.tlog\fxc.read.1.tlog
c:\users\k024g\onedrive\デスクトップ\授業関係二年次\ge3\directxgame\directxgame\x64\debug\directxgame.tlog\link.command.1.tlog
c:\users\k024g\onedrive\デスクトップ\授業関係二年次\ge3\directxgame\directxgame\x64\debug\directxgame.tlog\link.read.1.tlog
c:\users\k024g\onedrive\デスクトップ\授業関係二年次\ge3\directxgame\directxgame\x64\debug\directxgame.tlog\link.secondary.1.tlog
c:\users\k024g\onedrive\デスクトップ\授業関係二年次\ge3\directxgame\directxgame\x64\debug\directxgame.tlog\link.write.1.tlog
