c:\users\k024g\onedrive\デスクトップ\授業関係二年次\ge3\directxgame\directxgame\x64\release\imgui_impl_dx12.obj
c:\users\k024g\onedrive\デスクトップ\授業関係二年次\ge3\directxgame\directxgame\x64\release\imgui.obj
c:\users\k024g\onedrive\デスクトップ\授業関係二年次\ge3\directxgame\directxgame\x64\release\windowsapi.obj
c:\users\k024g\onedrive\デスクトップ\授業関係二年次\ge3\directxgame\directxgame\x64\release\keyinput.obj
c:\users\k024g\onedrive\デスクトップ\授業関係二年次\ge3\directxgame\directxgame\x64\release\main.obj
c:\users\k024g\onedrive\デスクトップ\授業関係二年次\ge3\directxgame\directxgame\x64\release\matrix4x4.obj
c:\users\k024g\onedrive\デスクトップ\授業関係二年次\ge3\directxgame\directxgame\x64\release\imgui_impl_win32.obj
c:\users\k024g\onedrive\デスクトップ\授業関係二年次\ge3\directxgame\directxgame\x64\release\imgui_draw.obj
c:\users\k024g\onedrive\デスクトップ\授業関係二年次\ge3\directxgame\directxgame\x64\release\debugcamera.obj
c:\users\k024g\onedrive\デスクトップ\授業関係二年次\ge3\directxgame\directxgame\x64\release\imgui_widgets.obj
c:\users\k024g\onedrive\デスクトップ\授業関係二年次\ge3\directxgame\directxgame\x64\release\imgui_demo.obj
c:\users\k024g\onedrive\デスクトップ\授業関係二年次\ge3\directxgame\directxgame\x64\release\imgui_tables.obj
c:\users\k024g\onedrive\デスクトップ\授業関係二年次\ge3\directxgame\directxgame\x64\release\vc143.pdb
c:\users\k024g\onedrive\デスクトップ\授業関係二年次\ge3\directxgame\x64\release\directxgame.exe
c:\users\k024g\onedrive\デスクトップ\授業関係二年次\ge3\directxgame\x64\release\directxgame.pdb
c:\users\k024g\onedrive\デスクトップ\授業関係二年次\ge3\directxgame\directxgame\x64\release\directxgame.ipdb
c:\users\k024g\onedrive\デスクトップ\授業関係二年次\ge3\directxgame\directxgame\x64\release\directxgame.iobj
c:\users\k024g\onedrive\デスクトップ\授業関係二年次\ge3\directxgame\directxgame\x64\release\directxgame.tlog\cl.11636.write.1.tlog
c:\users\k024g\onedrive\デスクトップ\授業関係二年次\ge3\directxgame\directxgame\x64\release\directxgame.tlog\cl.command.1.tlog
c:\users\k024g\onedrive\デスクトップ\授業関係二年次\ge3\directxgame\directxgame\x64\release\directxgame.tlog\cl.items.tlog
c:\users\k024g\onedrive\デスクトップ\授業関係二年次\ge3\directxgame\directxgame\x64\release\directxgame.tlog\cl.read.1.tlog
c:\users\k024g\onedrive\デスクトップ\授業関係二年次\ge3\directxgame\directxgame\x64\release\directxgame.tlog\link.command.1.tlog
c:\users\k024g\onedrive\デスクトップ\授業関係二年次\ge3\directxgame\directxgame\x64\release\directxgame.tlog\link.read.1.tlog
c:\users\k024g\onedrive\デスクトップ\授業関係二年次\ge3\directxgame\directxgame\x64\release\directxgame.tlog\link.secondary.1.tlog
c:\users\k024g\onedrive\デスクトップ\授業関係二年次\ge3\directxgame\directxgame\x64\release\directxgame.tlog\link.write.1.tlog
