Using adapter: NVIDIA GeForce RTX 4060 Laptop GPU

Feature Level: 12.2

Complete create D3D12Device!
Begin CompileShader, pathObject3D.VS.hlsl,profile:vs_6_0

Complete CompileShader, pathObject3D.VS.hlsl,profile:vs_6_0

Begin CompileShader, pathObject3D.PS.hlsl,profile:ps_6_0

Qembed_debug:34:12: warning: implicit truncation of vector type [-Wconversion]
    float3 transformedUV = mul(float32_t4(input.texcoord, 0.0f, 1.0f), gMaterial.uvTransform);
           ^
Qembed_debug:46:24: warning: using the result of an assignment as a condition without parentheses [-Wparentheses]
    if (output.color.a = 0.0)
        ~~~~~~~~~~~~~~~^~~~~
Qembed_debug:46:24: note: place parentheses around the assignment to silence this warning
    if (output.color.a = 0.0)
                       ^
        (                   )
Qembed_debug:46:24: note: use '==' to turn this assignment into an equality comparison
    if (output.color.a = 0.0)
                       ^
                       ==

Complete CompileShader, pathObject3D.PS.hlsl,profile:ps_6_0

Application terminating.
WSTRINGHello, DirectX!

